<?xml version="1.0" encoding="UTF-8"?>
<testsuite name="com.cg.admincontrollertest.TestAddCreditCard" tests="2" skipped="0" failures="0" errors="0" timestamp="2022-05-11T14:42:39" hostname="INLEN8520066078" time="0.105">
  <properties/>
  <testcase name="Add Credit card invalid data" classname="com.cg.admincontrollertest.TestAddCreditCard" time="0.094"/>
  <testcase name="Add Credit card valid data" classname="com.cg.admincontrollertest.TestAddCreditCard" time="0.008"/>
  <system-out><![CDATA[2022-05-11 20:12:39.681  INFO 16204 --- [    Test worker] .b.t.c.SpringBootTestContextBootstrapper : Neither @ContextConfiguration nor @ContextHierarchy found for test class [com.cg.admincontrollertest.TestAddCreditCard], using SpringBootContextLoader
2022-05-11 20:12:39.681  INFO 16204 --- [    Test worker] o.s.t.c.support.AbstractContextLoader    : Could not detect default resource locations for test class [com.cg.admincontrollertest.TestAddCreditCard]: no resource found for suffixes {-context.xml, Context.groovy}.
2022-05-11 20:12:39.681  INFO 16204 --- [    Test worker] t.c.s.AnnotationConfigContextLoaderUtils : Could not detect default configuration classes for test class [com.cg.admincontrollertest.TestAddCreditCard]: TestAddCreditCard does not declare any static, non-private, non-final, nested classes annotated with @Configuration.
2022-05-11 20:12:39.686  INFO 16204 --- [    Test worker] .b.t.c.SpringBootTestContextBootstrapper : Found @SpringBootConfiguration com.cg.CreditCardPaymentProjectLatestApplication for test class com.cg.admincontrollertest.TestAddCreditCard
2022-05-11 20:12:39.691  INFO 16204 --- [    Test worker] .b.t.c.SpringBootTestContextBootstrapper : Loaded default TestExecutionListener class names from location [META-INF/spring.factories]: [org.springframework.boot.test.autoconfigure.restdocs.RestDocsTestExecutionListener, org.springframework.boot.test.autoconfigure.web.client.MockRestServiceServerResetTestExecutionListener, org.springframework.boot.test.autoconfigure.web.servlet.MockMvcPrintOnlyOnFailureTestExecutionListener, org.springframework.boot.test.autoconfigure.web.servlet.WebDriverTestExecutionListener, org.springframework.boot.test.autoconfigure.webservices.client.MockWebServiceServerTestExecutionListener, org.springframework.boot.test.mock.mockito.MockitoTestExecutionListener, org.springframework.boot.test.mock.mockito.ResetMocksTestExecutionListener, org.springframework.test.context.web.ServletTestExecutionListener, org.springframework.test.context.support.DirtiesContextBeforeModesTestExecutionListener, org.springframework.test.context.event.ApplicationEventsTestExecutionListener, org.springframework.test.context.support.DependencyInjectionTestExecutionListener, org.springframework.test.context.support.DirtiesContextTestExecutionListener, org.springframework.test.context.transaction.TransactionalTestExecutionListener, org.springframework.test.context.jdbc.SqlScriptsTestExecutionListener, org.springframework.test.context.event.EventPublishingTestExecutionListener]
2022-05-11 20:12:39.691  INFO 16204 --- [    Test worker] .b.t.c.SpringBootTestContextBootstrapper : Using TestExecutionListeners: [org.springframework.test.context.web.ServletTestExecutionListener@40199d5e, org.springframework.test.context.support.DirtiesContextBeforeModesTestExecutionListener@5693d1d2, org.springframework.test.context.event.ApplicationEventsTestExecutionListener@571c7572, org.springframework.boot.test.mock.mockito.MockitoTestExecutionListener@c6a3f47, org.springframework.boot.test.autoconfigure.SpringBootDependencyInjectionTestExecutionListener@15a0f9, org.springframework.test.context.support.DirtiesContextTestExecutionListener@4840ec68, org.springframework.test.context.transaction.TransactionalTestExecutionListener@7cc3a7f7, org.springframework.test.context.jdbc.SqlScriptsTestExecutionListener@210e2f2f, org.springframework.test.context.event.EventPublishingTestExecutionListener@c31419f, org.springframework.boot.test.autoconfigure.restdocs.RestDocsTestExecutionListener@43dddfdd, org.springframework.boot.test.autoconfigure.web.client.MockRestServiceServerResetTestExecutionListener@22c0344e, org.springframework.boot.test.autoconfigure.web.servlet.MockMvcPrintOnlyOnFailureTestExecutionListener@7267006e, org.springframework.boot.test.autoconfigure.web.servlet.WebDriverTestExecutionListener@745c8a04, org.springframework.boot.test.autoconfigure.webservices.client.MockWebServiceServerTestExecutionListener@59d29065, org.springframework.boot.test.mock.mockito.ResetMocksTestExecutionListener@7a13ad55]
]]></system-out>
  <system-err><![CDATA[]]></system-err>
</testsuite>
