<?xml version="1.0" encoding="UTF-8"?>
<testsuite name="com.cg.usercontrollortest.TestAddUser" tests="2" skipped="0" failures="0" errors="0" timestamp="2022-05-11T14:42:40" hostname="INLEN8520066078" time="0.016">
  <properties/>
  <testcase name="Adding Customer" classname="com.cg.usercontrollortest.TestAddUser" time="0.009"/>
  <testcase name="Adding admin" classname="com.cg.usercontrollortest.TestAddUser" time="0.005"/>
  <system-out><![CDATA[2022-05-11 20:12:40.129  INFO 16204 --- [    Test worker] .b.t.c.SpringBootTestContextBootstrapper : Neither @ContextConfiguration nor @ContextHierarchy found for test class [com.cg.usercontrollortest.TestAddUser], using SpringBootContextLoader
2022-05-11 20:12:40.129  INFO 16204 --- [    Test worker] o.s.t.c.support.AbstractContextLoader    : Could not detect default resource locations for test class [com.cg.usercontrollortest.TestAddUser]: no resource found for suffixes {-context.xml, Context.groovy}.
2022-05-11 20:12:40.129  INFO 16204 --- [    Test worker] t.c.s.AnnotationConfigContextLoaderUtils : Could not detect default configuration classes for test class [com.cg.usercontrollortest.TestAddUser]: TestAddUser does not declare any static, non-private, non-final, nested classes annotated with @Configuration.
2022-05-11 20:12:40.129  INFO 16204 --- [    Test worker] .b.t.c.SpringBootTestContextBootstrapper : Found @SpringBootConfiguration com.cg.CreditCardPaymentProjectLatestApplication for test class com.cg.usercontrollortest.TestAddUser
2022-05-11 20:12:40.129  INFO 16204 --- [    Test worker] .b.t.c.SpringBootTestContextBootstrapper : Loaded default TestExecutionListener class names from location [META-INF/spring.factories]: [org.springframework.boot.test.autoconfigure.restdocs.RestDocsTestExecutionListener, org.springframework.boot.test.autoconfigure.web.client.MockRestServiceServerResetTestExecutionListener, org.springframework.boot.test.autoconfigure.web.servlet.MockMvcPrintOnlyOnFailureTestExecutionListener, org.springframework.boot.test.autoconfigure.web.servlet.WebDriverTestExecutionListener, org.springframework.boot.test.autoconfigure.webservices.client.MockWebServiceServerTestExecutionListener, org.springframework.boot.test.mock.mockito.MockitoTestExecutionListener, org.springframework.boot.test.mock.mockito.ResetMocksTestExecutionListener, org.springframework.test.context.web.ServletTestExecutionListener, org.springframework.test.context.support.DirtiesContextBeforeModesTestExecutionListener, org.springframework.test.context.event.ApplicationEventsTestExecutionListener, org.springframework.test.context.support.DependencyInjectionTestExecutionListener, org.springframework.test.context.support.DirtiesContextTestExecutionListener, org.springframework.test.context.transaction.TransactionalTestExecutionListener, org.springframework.test.context.jdbc.SqlScriptsTestExecutionListener, org.springframework.test.context.event.EventPublishingTestExecutionListener]
2022-05-11 20:12:40.129  INFO 16204 --- [    Test worker] .b.t.c.SpringBootTestContextBootstrapper : Using TestExecutionListeners: [org.springframework.test.context.web.ServletTestExecutionListener@5243d730, org.springframework.test.context.support.DirtiesContextBeforeModesTestExecutionListener@15afebcc, org.springframework.test.context.event.ApplicationEventsTestExecutionListener@68722de3, org.springframework.boot.test.mock.mockito.MockitoTestExecutionListener@3b18009f, org.springframework.boot.test.autoconfigure.SpringBootDependencyInjectionTestExecutionListener@77aeba9b, org.springframework.test.context.support.DirtiesContextTestExecutionListener@1db5de29, org.springframework.test.context.transaction.TransactionalTestExecutionListener@64d1f549, org.springframework.test.context.jdbc.SqlScriptsTestExecutionListener@1fb61db4, org.springframework.test.context.event.EventPublishingTestExecutionListener@1d4e06bb, org.springframework.boot.test.autoconfigure.restdocs.RestDocsTestExecutionListener@2eb9c7ad, org.springframework.boot.test.autoconfigure.web.client.MockRestServiceServerResetTestExecutionListener@4529048e, org.springframework.boot.test.autoconfigure.web.servlet.MockMvcPrintOnlyOnFailureTestExecutionListener@6addfa22, org.springframework.boot.test.autoconfigure.web.servlet.WebDriverTestExecutionListener@74b521c, org.springframework.boot.test.autoconfigure.webservices.client.MockWebServiceServerTestExecutionListener@672f69f7, org.springframework.boot.test.mock.mockito.ResetMocksTestExecutionListener@6aaf1ce8]
]]></system-out>
  <system-err><![CDATA[]]></system-err>
</testsuite>
