<?xml version="1.0" encoding="UTF-8"?>
<testsuite name="com.cg.admincontrollertest.TestUpdateCustomer" tests="2" skipped="0" failures="0" errors="0" timestamp="2022-05-11T14:42:39" hostname="INLEN8520066078" time="0.007">
  <properties/>
  <testcase name="Update customer with invalid data" classname="com.cg.admincontrollertest.TestUpdateCustomer" time="0.003"/>
  <testcase name="Update customer with valid data" classname="com.cg.admincontrollertest.TestUpdateCustomer" time="0.003"/>
  <system-out><![CDATA[2022-05-11 20:12:39.987  INFO 16204 --- [    Test worker] .b.t.c.SpringBootTestContextBootstrapper : Neither @ContextConfiguration nor @ContextHierarchy found for test class [com.cg.admincontrollertest.TestUpdateCustomer], using SpringBootContextLoader
2022-05-11 20:12:39.987  INFO 16204 --- [    Test worker] o.s.t.c.support.AbstractContextLoader    : Could not detect default resource locations for test class [com.cg.admincontrollertest.TestUpdateCustomer]: no resource found for suffixes {-context.xml, Context.groovy}.
2022-05-11 20:12:39.987  INFO 16204 --- [    Test worker] t.c.s.AnnotationConfigContextLoaderUtils : Could not detect default configuration classes for test class [com.cg.admincontrollertest.TestUpdateCustomer]: TestUpdateCustomer does not declare any static, non-private, non-final, nested classes annotated with @Configuration.
2022-05-11 20:12:39.987  INFO 16204 --- [    Test worker] .b.t.c.SpringBootTestContextBootstrapper : Found @SpringBootConfiguration com.cg.CreditCardPaymentProjectLatestApplication for test class com.cg.admincontrollertest.TestUpdateCustomer
2022-05-11 20:12:39.987  INFO 16204 --- [    Test worker] .b.t.c.SpringBootTestContextBootstrapper : Loaded default TestExecutionListener class names from location [META-INF/spring.factories]: [org.springframework.boot.test.autoconfigure.restdocs.RestDocsTestExecutionListener, org.springframework.boot.test.autoconfigure.web.client.MockRestServiceServerResetTestExecutionListener, org.springframework.boot.test.autoconfigure.web.servlet.MockMvcPrintOnlyOnFailureTestExecutionListener, org.springframework.boot.test.autoconfigure.web.servlet.WebDriverTestExecutionListener, org.springframework.boot.test.autoconfigure.webservices.client.MockWebServiceServerTestExecutionListener, org.springframework.boot.test.mock.mockito.MockitoTestExecutionListener, org.springframework.boot.test.mock.mockito.ResetMocksTestExecutionListener, org.springframework.test.context.web.ServletTestExecutionListener, org.springframework.test.context.support.DirtiesContextBeforeModesTestExecutionListener, org.springframework.test.context.event.ApplicationEventsTestExecutionListener, org.springframework.test.context.support.DependencyInjectionTestExecutionListener, org.springframework.test.context.support.DirtiesContextTestExecutionListener, org.springframework.test.context.transaction.TransactionalTestExecutionListener, org.springframework.test.context.jdbc.SqlScriptsTestExecutionListener, org.springframework.test.context.event.EventPublishingTestExecutionListener]
2022-05-11 20:12:39.987  INFO 16204 --- [    Test worker] .b.t.c.SpringBootTestContextBootstrapper : Using TestExecutionListeners: [org.springframework.test.context.web.ServletTestExecutionListener@3606eee9, org.springframework.test.context.support.DirtiesContextBeforeModesTestExecutionListener@1e34840f, org.springframework.test.context.event.ApplicationEventsTestExecutionListener@6792f2c6, org.springframework.boot.test.mock.mockito.MockitoTestExecutionListener@52fed5b7, org.springframework.boot.test.autoconfigure.SpringBootDependencyInjectionTestExecutionListener@530e08a7, org.springframework.test.context.support.DirtiesContextTestExecutionListener@6920fa35, org.springframework.test.context.transaction.TransactionalTestExecutionListener@19542115, org.springframework.test.context.jdbc.SqlScriptsTestExecutionListener@3da30ce5, org.springframework.test.context.event.EventPublishingTestExecutionListener@1e4b70c6, org.springframework.boot.test.autoconfigure.restdocs.RestDocsTestExecutionListener@7054c068, org.springframework.boot.test.autoconfigure.web.client.MockRestServiceServerResetTestExecutionListener@48301bfe, org.springframework.boot.test.autoconfigure.web.servlet.MockMvcPrintOnlyOnFailureTestExecutionListener@6dd1f239, org.springframework.boot.test.autoconfigure.web.servlet.WebDriverTestExecutionListener@28d97205, org.springframework.boot.test.autoconfigure.webservices.client.MockWebServiceServerTestExecutionListener@7e58b0f6, org.springframework.boot.test.mock.mockito.ResetMocksTestExecutionListener@367fbb28]
]]></system-out>
  <system-err><![CDATA[]]></system-err>
</testsuite>
