<?xml version="1.0" encoding="UTF-8"?>
<testsuite name="com.cg.customercontrollertest.TestGetPaymentHisory" tests="2" skipped="0" failures="0" errors="0" timestamp="2022-05-11T14:42:40" hostname="INLEN8520066078" time="0.007">
  <properties/>
  <testcase name="Get Payment History with invalid data" classname="com.cg.customercontrollertest.TestGetPaymentHisory" time="0.003"/>
  <testcase name="Get Payment History with valid data" classname="com.cg.customercontrollertest.TestGetPaymentHisory" time="0.003"/>
  <system-out><![CDATA[2022-05-11 20:12:40.038  INFO 16204 --- [    Test worker] .b.t.c.SpringBootTestContextBootstrapper : Neither @ContextConfiguration nor @ContextHierarchy found for test class [com.cg.customercontrollertest.TestGetPaymentHisory], using SpringBootContextLoader
2022-05-11 20:12:40.038  INFO 16204 --- [    Test worker] o.s.t.c.support.AbstractContextLoader    : Could not detect default resource locations for test class [com.cg.customercontrollertest.TestGetPaymentHisory]: no resource found for suffixes {-context.xml, Context.groovy}.
2022-05-11 20:12:40.038  INFO 16204 --- [    Test worker] t.c.s.AnnotationConfigContextLoaderUtils : Could not detect default configuration classes for test class [com.cg.customercontrollertest.TestGetPaymentHisory]: TestGetPaymentHisory does not declare any static, non-private, non-final, nested classes annotated with @Configuration.
2022-05-11 20:12:40.038  INFO 16204 --- [    Test worker] .b.t.c.SpringBootTestContextBootstrapper : Found @SpringBootConfiguration com.cg.CreditCardPaymentProjectLatestApplication for test class com.cg.customercontrollertest.TestGetPaymentHisory
2022-05-11 20:12:40.038  INFO 16204 --- [    Test worker] .b.t.c.SpringBootTestContextBootstrapper : Loaded default TestExecutionListener class names from location [META-INF/spring.factories]: [org.springframework.boot.test.autoconfigure.restdocs.RestDocsTestExecutionListener, org.springframework.boot.test.autoconfigure.web.client.MockRestServiceServerResetTestExecutionListener, org.springframework.boot.test.autoconfigure.web.servlet.MockMvcPrintOnlyOnFailureTestExecutionListener, org.springframework.boot.test.autoconfigure.web.servlet.WebDriverTestExecutionListener, org.springframework.boot.test.autoconfigure.webservices.client.MockWebServiceServerTestExecutionListener, org.springframework.boot.test.mock.mockito.MockitoTestExecutionListener, org.springframework.boot.test.mock.mockito.ResetMocksTestExecutionListener, org.springframework.test.context.web.ServletTestExecutionListener, org.springframework.test.context.support.DirtiesContextBeforeModesTestExecutionListener, org.springframework.test.context.event.ApplicationEventsTestExecutionListener, org.springframework.test.context.support.DependencyInjectionTestExecutionListener, org.springframework.test.context.support.DirtiesContextTestExecutionListener, org.springframework.test.context.transaction.TransactionalTestExecutionListener, org.springframework.test.context.jdbc.SqlScriptsTestExecutionListener, org.springframework.test.context.event.EventPublishingTestExecutionListener]
2022-05-11 20:12:40.038  INFO 16204 --- [    Test worker] .b.t.c.SpringBootTestContextBootstrapper : Using TestExecutionListeners: [org.springframework.test.context.web.ServletTestExecutionListener@ecfff32, org.springframework.test.context.support.DirtiesContextBeforeModesTestExecutionListener@3c65f2e1, org.springframework.test.context.event.ApplicationEventsTestExecutionListener@c247b02, org.springframework.boot.test.mock.mockito.MockitoTestExecutionListener@78f1d29, org.springframework.boot.test.autoconfigure.SpringBootDependencyInjectionTestExecutionListener@76c85485, org.springframework.test.context.support.DirtiesContextTestExecutionListener@65294247, org.springframework.test.context.transaction.TransactionalTestExecutionListener@4a7ac98b, org.springframework.test.context.jdbc.SqlScriptsTestExecutionListener@35e3f3b8, org.springframework.test.context.event.EventPublishingTestExecutionListener@13bf5fd, org.springframework.boot.test.autoconfigure.restdocs.RestDocsTestExecutionListener@2eafb4e7, org.springframework.boot.test.autoconfigure.web.client.MockRestServiceServerResetTestExecutionListener@32050628, org.springframework.boot.test.autoconfigure.web.servlet.MockMvcPrintOnlyOnFailureTestExecutionListener@18d14de3, org.springframework.boot.test.autoconfigure.web.servlet.WebDriverTestExecutionListener@469bd719, org.springframework.boot.test.autoconfigure.webservices.client.MockWebServiceServerTestExecutionListener@15405ba1, org.springframework.boot.test.mock.mockito.ResetMocksTestExecutionListener@f6e3b67]
]]></system-out>
  <system-err><![CDATA[]]></system-err>
</testsuite>
