<?xml version="1.0" encoding="UTF-8"?>
<testsuite name="com.cg.usercontrollortest.TestLogin" tests="3" skipped="0" failures="0" errors="0" timestamp="2022-05-11T14:42:40" hostname="INLEN8520066078" time="0.01">
  <properties/>
  <testcase name="Sign in with invalid data" classname="com.cg.usercontrollortest.TestLogin" time="0.002"/>
  <testcase name="Sign in with valid data" classname="com.cg.usercontrollortest.TestLogin" time="0.003"/>
  <testcase name="Sign out" classname="com.cg.usercontrollortest.TestLogin" time="0.003"/>
  <system-out><![CDATA[2022-05-11 20:12:40.187  INFO 16204 --- [    Test worker] .b.t.c.SpringBootTestContextBootstrapper : Neither @ContextConfiguration nor @ContextHierarchy found for test class [com.cg.usercontrollortest.TestLogin], using SpringBootContextLoader
2022-05-11 20:12:40.187  INFO 16204 --- [    Test worker] o.s.t.c.support.AbstractContextLoader    : Could not detect default resource locations for test class [com.cg.usercontrollortest.TestLogin]: no resource found for suffixes {-context.xml, Context.groovy}.
2022-05-11 20:12:40.187  INFO 16204 --- [    Test worker] t.c.s.AnnotationConfigContextLoaderUtils : Could not detect default configuration classes for test class [com.cg.usercontrollortest.TestLogin]: TestLogin does not declare any static, non-private, non-final, nested classes annotated with @Configuration.
2022-05-11 20:12:40.189  INFO 16204 --- [    Test worker] .b.t.c.SpringBootTestContextBootstrapper : Found @SpringBootConfiguration com.cg.CreditCardPaymentProjectLatestApplication for test class com.cg.usercontrollortest.TestLogin
2022-05-11 20:12:40.189  INFO 16204 --- [    Test worker] .b.t.c.SpringBootTestContextBootstrapper : Loaded default TestExecutionListener class names from location [META-INF/spring.factories]: [org.springframework.boot.test.autoconfigure.restdocs.RestDocsTestExecutionListener, org.springframework.boot.test.autoconfigure.web.client.MockRestServiceServerResetTestExecutionListener, org.springframework.boot.test.autoconfigure.web.servlet.MockMvcPrintOnlyOnFailureTestExecutionListener, org.springframework.boot.test.autoconfigure.web.servlet.WebDriverTestExecutionListener, org.springframework.boot.test.autoconfigure.webservices.client.MockWebServiceServerTestExecutionListener, org.springframework.boot.test.mock.mockito.MockitoTestExecutionListener, org.springframework.boot.test.mock.mockito.ResetMocksTestExecutionListener, org.springframework.test.context.web.ServletTestExecutionListener, org.springframework.test.context.support.DirtiesContextBeforeModesTestExecutionListener, org.springframework.test.context.event.ApplicationEventsTestExecutionListener, org.springframework.test.context.support.DependencyInjectionTestExecutionListener, org.springframework.test.context.support.DirtiesContextTestExecutionListener, org.springframework.test.context.transaction.TransactionalTestExecutionListener, org.springframework.test.context.jdbc.SqlScriptsTestExecutionListener, org.springframework.test.context.event.EventPublishingTestExecutionListener]
2022-05-11 20:12:40.189  INFO 16204 --- [    Test worker] .b.t.c.SpringBootTestContextBootstrapper : Using TestExecutionListeners: [org.springframework.test.context.web.ServletTestExecutionListener@52667676, org.springframework.test.context.support.DirtiesContextBeforeModesTestExecutionListener@75559cd9, org.springframework.test.context.event.ApplicationEventsTestExecutionListener@39a09c0, org.springframework.boot.test.mock.mockito.MockitoTestExecutionListener@3dbf3bc, org.springframework.boot.test.autoconfigure.SpringBootDependencyInjectionTestExecutionListener@626ff077, org.springframework.test.context.support.DirtiesContextTestExecutionListener@3b850bb7, org.springframework.test.context.transaction.TransactionalTestExecutionListener@6802c10e, org.springframework.test.context.jdbc.SqlScriptsTestExecutionListener@341889a1, org.springframework.test.context.event.EventPublishingTestExecutionListener@29693b1d, org.springframework.boot.test.autoconfigure.restdocs.RestDocsTestExecutionListener@3a225534, org.springframework.boot.test.autoconfigure.web.client.MockRestServiceServerResetTestExecutionListener@44d6f9cf, org.springframework.boot.test.autoconfigure.web.servlet.MockMvcPrintOnlyOnFailureTestExecutionListener@34f32575, org.springframework.boot.test.autoconfigure.web.servlet.WebDriverTestExecutionListener@54224125, org.springframework.boot.test.autoconfigure.webservices.client.MockWebServiceServerTestExecutionListener@7c013560, org.springframework.boot.test.mock.mockito.ResetMocksTestExecutionListener@feab3ae]
]]></system-out>
  <system-err><![CDATA[]]></system-err>
</testsuite>
