<?xml version="1.0" encoding="UTF-8"?>
<testsuite name="com.cg.customercontrollertest.TestMakeTransaction" tests="2" skipped="0" failures="0" errors="0" timestamp="2022-05-11T14:42:40" hostname="INLEN8520066078" time="0.007">
  <properties/>
  <testcase name="Make transaction with invalid data" classname="com.cg.customercontrollertest.TestMakeTransaction" time="0.003"/>
  <testcase name="Make transaction with valid data" classname="com.cg.customercontrollertest.TestMakeTransaction" time="0.003"/>
  <system-out><![CDATA[2022-05-11 20:12:40.098  INFO 16204 --- [    Test worker] .b.t.c.SpringBootTestContextBootstrapper : Neither @ContextConfiguration nor @ContextHierarchy found for test class [com.cg.customercontrollertest.TestMakeTransaction], using SpringBootContextLoader
2022-05-11 20:12:40.098  INFO 16204 --- [    Test worker] o.s.t.c.support.AbstractContextLoader    : Could not detect default resource locations for test class [com.cg.customercontrollertest.TestMakeTransaction]: no resource found for suffixes {-context.xml, Context.groovy}.
2022-05-11 20:12:40.098  INFO 16204 --- [    Test worker] t.c.s.AnnotationConfigContextLoaderUtils : Could not detect default configuration classes for test class [com.cg.customercontrollertest.TestMakeTransaction]: TestMakeTransaction does not declare any static, non-private, non-final, nested classes annotated with @Configuration.
2022-05-11 20:12:40.098  INFO 16204 --- [    Test worker] .b.t.c.SpringBootTestContextBootstrapper : Found @SpringBootConfiguration com.cg.CreditCardPaymentProjectLatestApplication for test class com.cg.customercontrollertest.TestMakeTransaction
2022-05-11 20:12:40.102  INFO 16204 --- [    Test worker] .b.t.c.SpringBootTestContextBootstrapper : Loaded default TestExecutionListener class names from location [META-INF/spring.factories]: [org.springframework.boot.test.autoconfigure.restdocs.RestDocsTestExecutionListener, org.springframework.boot.test.autoconfigure.web.client.MockRestServiceServerResetTestExecutionListener, org.springframework.boot.test.autoconfigure.web.servlet.MockMvcPrintOnlyOnFailureTestExecutionListener, org.springframework.boot.test.autoconfigure.web.servlet.WebDriverTestExecutionListener, org.springframework.boot.test.autoconfigure.webservices.client.MockWebServiceServerTestExecutionListener, org.springframework.boot.test.mock.mockito.MockitoTestExecutionListener, org.springframework.boot.test.mock.mockito.ResetMocksTestExecutionListener, org.springframework.test.context.web.ServletTestExecutionListener, org.springframework.test.context.support.DirtiesContextBeforeModesTestExecutionListener, org.springframework.test.context.event.ApplicationEventsTestExecutionListener, org.springframework.test.context.support.DependencyInjectionTestExecutionListener, org.springframework.test.context.support.DirtiesContextTestExecutionListener, org.springframework.test.context.transaction.TransactionalTestExecutionListener, org.springframework.test.context.jdbc.SqlScriptsTestExecutionListener, org.springframework.test.context.event.EventPublishingTestExecutionListener]
2022-05-11 20:12:40.102  INFO 16204 --- [    Test worker] .b.t.c.SpringBootTestContextBootstrapper : Using TestExecutionListeners: [org.springframework.test.context.web.ServletTestExecutionListener@4dd425dc, org.springframework.test.context.support.DirtiesContextBeforeModesTestExecutionListener@4549d616, org.springframework.test.context.event.ApplicationEventsTestExecutionListener@1bfb60b7, org.springframework.boot.test.mock.mockito.MockitoTestExecutionListener@65b1693c, org.springframework.boot.test.autoconfigure.SpringBootDependencyInjectionTestExecutionListener@9a74a93, org.springframework.test.context.support.DirtiesContextTestExecutionListener@255d4d7, org.springframework.test.context.transaction.TransactionalTestExecutionListener@426bf2f2, org.springframework.test.context.jdbc.SqlScriptsTestExecutionListener@2cfd9b0a, org.springframework.test.context.event.EventPublishingTestExecutionListener@1f3dafd4, org.springframework.boot.test.autoconfigure.restdocs.RestDocsTestExecutionListener@33622388, org.springframework.boot.test.autoconfigure.web.client.MockRestServiceServerResetTestExecutionListener@2e03bb74, org.springframework.boot.test.autoconfigure.web.servlet.MockMvcPrintOnlyOnFailureTestExecutionListener@6e664075, org.springframework.boot.test.autoconfigure.web.servlet.WebDriverTestExecutionListener@1c571162, org.springframework.boot.test.autoconfigure.webservices.client.MockWebServiceServerTestExecutionListener@3e0b1f03, org.springframework.boot.test.mock.mockito.ResetMocksTestExecutionListener@d60cbad]
]]></system-out>
  <system-err><![CDATA[]]></system-err>
</testsuite>
