<?xml version="1.0" encoding="UTF-8"?>
<testsuite name="com.cg.customercontrollertest.TestGetStatement" tests="8" skipped="0" failures="0" errors="0" timestamp="2022-05-11T14:42:40" hostname="INLEN8520066078" time="0.038">
  <properties/>
  <testcase name="Get statement with invalid credit card data" classname="com.cg.customercontrollertest.TestGetStatement" time="0.003"/>
  <testcase name="Get all statements with invalid credit card data" classname="com.cg.customercontrollertest.TestGetStatement" time="0.004"/>
  <testcase name="Get all statements with valid credit card data" classname="com.cg.customercontrollertest.TestGetStatement" time="0.004"/>
  <testcase name="Get statement with valid credit card data" classname="com.cg.customercontrollertest.TestGetStatement" time="0.004"/>
  <testcase name="Get statement history with invalid id" classname="com.cg.customercontrollertest.TestGetStatement" time="0.004"/>
  <testcase name="Get statement with valid data" classname="com.cg.customercontrollertest.TestGetStatement" time="0.003"/>
  <testcase name="Get statement with invalid data" classname="com.cg.customercontrollertest.TestGetStatement" time="0.003"/>
  <testcase name="Get statement history with valid id" classname="com.cg.customercontrollertest.TestGetStatement" time="0.003"/>
  <system-out><![CDATA[2022-05-11 20:12:40.048  INFO 16204 --- [    Test worker] .b.t.c.SpringBootTestContextBootstrapper : Neither @ContextConfiguration nor @ContextHierarchy found for test class [com.cg.customercontrollertest.TestGetStatement], using SpringBootContextLoader
2022-05-11 20:12:40.048  INFO 16204 --- [    Test worker] o.s.t.c.support.AbstractContextLoader    : Could not detect default resource locations for test class [com.cg.customercontrollertest.TestGetStatement]: no resource found for suffixes {-context.xml, Context.groovy}.
2022-05-11 20:12:40.048  INFO 16204 --- [    Test worker] t.c.s.AnnotationConfigContextLoaderUtils : Could not detect default configuration classes for test class [com.cg.customercontrollertest.TestGetStatement]: TestGetStatement does not declare any static, non-private, non-final, nested classes annotated with @Configuration.
2022-05-11 20:12:40.048  INFO 16204 --- [    Test worker] .b.t.c.SpringBootTestContextBootstrapper : Found @SpringBootConfiguration com.cg.CreditCardPaymentProjectLatestApplication for test class com.cg.customercontrollertest.TestGetStatement
2022-05-11 20:12:40.056  INFO 16204 --- [    Test worker] .b.t.c.SpringBootTestContextBootstrapper : Loaded default TestExecutionListener class names from location [META-INF/spring.factories]: [org.springframework.boot.test.autoconfigure.restdocs.RestDocsTestExecutionListener, org.springframework.boot.test.autoconfigure.web.client.MockRestServiceServerResetTestExecutionListener, org.springframework.boot.test.autoconfigure.web.servlet.MockMvcPrintOnlyOnFailureTestExecutionListener, org.springframework.boot.test.autoconfigure.web.servlet.WebDriverTestExecutionListener, org.springframework.boot.test.autoconfigure.webservices.client.MockWebServiceServerTestExecutionListener, org.springframework.boot.test.mock.mockito.MockitoTestExecutionListener, org.springframework.boot.test.mock.mockito.ResetMocksTestExecutionListener, org.springframework.test.context.web.ServletTestExecutionListener, org.springframework.test.context.support.DirtiesContextBeforeModesTestExecutionListener, org.springframework.test.context.event.ApplicationEventsTestExecutionListener, org.springframework.test.context.support.DependencyInjectionTestExecutionListener, org.springframework.test.context.support.DirtiesContextTestExecutionListener, org.springframework.test.context.transaction.TransactionalTestExecutionListener, org.springframework.test.context.jdbc.SqlScriptsTestExecutionListener, org.springframework.test.context.event.EventPublishingTestExecutionListener]
2022-05-11 20:12:40.056  INFO 16204 --- [    Test worker] .b.t.c.SpringBootTestContextBootstrapper : Using TestExecutionListeners: [org.springframework.test.context.web.ServletTestExecutionListener@26c1244c, org.springframework.test.context.support.DirtiesContextBeforeModesTestExecutionListener@e76134d, org.springframework.test.context.event.ApplicationEventsTestExecutionListener@2a317af7, org.springframework.boot.test.mock.mockito.MockitoTestExecutionListener@7b38db21, org.springframework.boot.test.autoconfigure.SpringBootDependencyInjectionTestExecutionListener@54f4734e, org.springframework.test.context.support.DirtiesContextTestExecutionListener@6a26eee6, org.springframework.test.context.transaction.TransactionalTestExecutionListener@4be1c797, org.springframework.test.context.jdbc.SqlScriptsTestExecutionListener@76bdfc19, org.springframework.test.context.event.EventPublishingTestExecutionListener@1248f83, org.springframework.boot.test.autoconfigure.restdocs.RestDocsTestExecutionListener@5c28009f, org.springframework.boot.test.autoconfigure.web.client.MockRestServiceServerResetTestExecutionListener@19b0a9f2, org.springframework.boot.test.autoconfigure.web.servlet.MockMvcPrintOnlyOnFailureTestExecutionListener@f4c3e9, org.springframework.boot.test.autoconfigure.web.servlet.WebDriverTestExecutionListener@25890ce3, org.springframework.boot.test.autoconfigure.webservices.client.MockWebServiceServerTestExecutionListener@39b9dc35, org.springframework.boot.test.mock.mockito.ResetMocksTestExecutionListener@25da1dc9]
]]></system-out>
  <system-err><![CDATA[]]></system-err>
</testsuite>
