<?xml version="1.0" encoding="UTF-8"?>
<testsuite name="com.cg.admincontrollertest.TestAddStatement" tests="2" skipped="0" failures="0" errors="0" timestamp="2022-05-11T14:42:39" hostname="INLEN8520066078" time="0.009">
  <properties/>
  <testcase name="Add Statement with invalid data" classname="com.cg.admincontrollertest.TestAddStatement" time="0.004"/>
  <testcase name="Add Statement with valid data" classname="com.cg.admincontrollertest.TestAddStatement" time="0.004"/>
  <system-out><![CDATA[2022-05-11 20:12:39.916  INFO 16204 --- [    Test worker] .b.t.c.SpringBootTestContextBootstrapper : Neither @ContextConfiguration nor @ContextHierarchy found for test class [com.cg.admincontrollertest.TestAddStatement], using SpringBootContextLoader
2022-05-11 20:12:39.916  INFO 16204 --- [    Test worker] o.s.t.c.support.AbstractContextLoader    : Could not detect default resource locations for test class [com.cg.admincontrollertest.TestAddStatement]: no resource found for suffixes {-context.xml, Context.groovy}.
2022-05-11 20:12:39.916  INFO 16204 --- [    Test worker] t.c.s.AnnotationConfigContextLoaderUtils : Could not detect default configuration classes for test class [com.cg.admincontrollertest.TestAddStatement]: TestAddStatement does not declare any static, non-private, non-final, nested classes annotated with @Configuration.
2022-05-11 20:12:39.924  INFO 16204 --- [    Test worker] .b.t.c.SpringBootTestContextBootstrapper : Found @SpringBootConfiguration com.cg.CreditCardPaymentProjectLatestApplication for test class com.cg.admincontrollertest.TestAddStatement
2022-05-11 20:12:39.927  INFO 16204 --- [    Test worker] .b.t.c.SpringBootTestContextBootstrapper : Loaded default TestExecutionListener class names from location [META-INF/spring.factories]: [org.springframework.boot.test.autoconfigure.restdocs.RestDocsTestExecutionListener, org.springframework.boot.test.autoconfigure.web.client.MockRestServiceServerResetTestExecutionListener, org.springframework.boot.test.autoconfigure.web.servlet.MockMvcPrintOnlyOnFailureTestExecutionListener, org.springframework.boot.test.autoconfigure.web.servlet.WebDriverTestExecutionListener, org.springframework.boot.test.autoconfigure.webservices.client.MockWebServiceServerTestExecutionListener, org.springframework.boot.test.mock.mockito.MockitoTestExecutionListener, org.springframework.boot.test.mock.mockito.ResetMocksTestExecutionListener, org.springframework.test.context.web.ServletTestExecutionListener, org.springframework.test.context.support.DirtiesContextBeforeModesTestExecutionListener, org.springframework.test.context.event.ApplicationEventsTestExecutionListener, org.springframework.test.context.support.DependencyInjectionTestExecutionListener, org.springframework.test.context.support.DirtiesContextTestExecutionListener, org.springframework.test.context.transaction.TransactionalTestExecutionListener, org.springframework.test.context.jdbc.SqlScriptsTestExecutionListener, org.springframework.test.context.event.EventPublishingTestExecutionListener]
2022-05-11 20:12:39.927  INFO 16204 --- [    Test worker] .b.t.c.SpringBootTestContextBootstrapper : Using TestExecutionListeners: [org.springframework.test.context.web.ServletTestExecutionListener@6785786d, org.springframework.test.context.support.DirtiesContextBeforeModesTestExecutionListener@5c261c74, org.springframework.test.context.event.ApplicationEventsTestExecutionListener@6d38a81d, org.springframework.boot.test.mock.mockito.MockitoTestExecutionListener@41f61188, org.springframework.boot.test.autoconfigure.SpringBootDependencyInjectionTestExecutionListener@d7c4fcb, org.springframework.test.context.support.DirtiesContextTestExecutionListener@61d527ac, org.springframework.test.context.transaction.TransactionalTestExecutionListener@498503cb, org.springframework.test.context.jdbc.SqlScriptsTestExecutionListener@380e3122, org.springframework.test.context.event.EventPublishingTestExecutionListener@576323ff, org.springframework.boot.test.autoconfigure.restdocs.RestDocsTestExecutionListener@1fc386f8, org.springframework.boot.test.autoconfigure.web.client.MockRestServiceServerResetTestExecutionListener@7eb94590, org.springframework.boot.test.autoconfigure.web.servlet.MockMvcPrintOnlyOnFailureTestExecutionListener@3777fc44, org.springframework.boot.test.autoconfigure.web.servlet.WebDriverTestExecutionListener@79454d8e, org.springframework.boot.test.autoconfigure.webservices.client.MockWebServiceServerTestExecutionListener@7ab2e018, org.springframework.boot.test.mock.mockito.ResetMocksTestExecutionListener@4e13af1b]
]]></system-out>
  <system-err><![CDATA[]]></system-err>
</testsuite>
