<?xml version="1.0" encoding="UTF-8"?>
<testsuite name="com.cg.admincontrollertest.TestAddCustomer" tests="2" skipped="0" failures="0" errors="0" timestamp="2022-05-11T14:42:39" hostname="INLEN8520066078" time="0.011">
  <properties/>
  <testcase name="Add user with invalid data" classname="com.cg.admincontrollertest.TestAddCustomer" time="0.005"/>
  <testcase name="Add user with valid data" classname="com.cg.admincontrollertest.TestAddCustomer" time="0.004"/>
  <system-out><![CDATA[2022-05-11 20:12:39.884  INFO 16204 --- [    Test worker] .b.t.c.SpringBootTestContextBootstrapper : Neither @ContextConfiguration nor @ContextHierarchy found for test class [com.cg.admincontrollertest.TestAddCustomer], using SpringBootContextLoader
2022-05-11 20:12:39.884  INFO 16204 --- [    Test worker] o.s.t.c.support.AbstractContextLoader    : Could not detect default resource locations for test class [com.cg.admincontrollertest.TestAddCustomer]: no resource found for suffixes {-context.xml, Context.groovy}.
2022-05-11 20:12:39.884  INFO 16204 --- [    Test worker] t.c.s.AnnotationConfigContextLoaderUtils : Could not detect default configuration classes for test class [com.cg.admincontrollertest.TestAddCustomer]: TestAddCustomer does not declare any static, non-private, non-final, nested classes annotated with @Configuration.
2022-05-11 20:12:39.886  INFO 16204 --- [    Test worker] .b.t.c.SpringBootTestContextBootstrapper : Found @SpringBootConfiguration com.cg.CreditCardPaymentProjectLatestApplication for test class com.cg.admincontrollertest.TestAddCustomer
2022-05-11 20:12:39.886  INFO 16204 --- [    Test worker] .b.t.c.SpringBootTestContextBootstrapper : Loaded default TestExecutionListener class names from location [META-INF/spring.factories]: [org.springframework.boot.test.autoconfigure.restdocs.RestDocsTestExecutionListener, org.springframework.boot.test.autoconfigure.web.client.MockRestServiceServerResetTestExecutionListener, org.springframework.boot.test.autoconfigure.web.servlet.MockMvcPrintOnlyOnFailureTestExecutionListener, org.springframework.boot.test.autoconfigure.web.servlet.WebDriverTestExecutionListener, org.springframework.boot.test.autoconfigure.webservices.client.MockWebServiceServerTestExecutionListener, org.springframework.boot.test.mock.mockito.MockitoTestExecutionListener, org.springframework.boot.test.mock.mockito.ResetMocksTestExecutionListener, org.springframework.test.context.web.ServletTestExecutionListener, org.springframework.test.context.support.DirtiesContextBeforeModesTestExecutionListener, org.springframework.test.context.event.ApplicationEventsTestExecutionListener, org.springframework.test.context.support.DependencyInjectionTestExecutionListener, org.springframework.test.context.support.DirtiesContextTestExecutionListener, org.springframework.test.context.transaction.TransactionalTestExecutionListener, org.springframework.test.context.jdbc.SqlScriptsTestExecutionListener, org.springframework.test.context.event.EventPublishingTestExecutionListener]
2022-05-11 20:12:39.886  INFO 16204 --- [    Test worker] .b.t.c.SpringBootTestContextBootstrapper : Using TestExecutionListeners: [org.springframework.test.context.web.ServletTestExecutionListener@60688a97, org.springframework.test.context.support.DirtiesContextBeforeModesTestExecutionListener@242ebd3b, org.springframework.test.context.event.ApplicationEventsTestExecutionListener@5d2bc446, org.springframework.boot.test.mock.mockito.MockitoTestExecutionListener@6e96f3cd, org.springframework.boot.test.autoconfigure.SpringBootDependencyInjectionTestExecutionListener@4a0ee0ba, org.springframework.test.context.support.DirtiesContextTestExecutionListener@1b984ba5, org.springframework.test.context.transaction.TransactionalTestExecutionListener@1812b564, org.springframework.test.context.jdbc.SqlScriptsTestExecutionListener@41433530, org.springframework.test.context.event.EventPublishingTestExecutionListener@7c751692, org.springframework.boot.test.autoconfigure.restdocs.RestDocsTestExecutionListener@2569afda, org.springframework.boot.test.autoconfigure.web.client.MockRestServiceServerResetTestExecutionListener@28dd8786, org.springframework.boot.test.autoconfigure.web.servlet.MockMvcPrintOnlyOnFailureTestExecutionListener@70efdd18, org.springframework.boot.test.autoconfigure.web.servlet.WebDriverTestExecutionListener@247a8411, org.springframework.boot.test.autoconfigure.webservices.client.MockWebServiceServerTestExecutionListener@4c05f83b, org.springframework.boot.test.mock.mockito.ResetMocksTestExecutionListener@820b78a]
]]></system-out>
  <system-err><![CDATA[]]></system-err>
</testsuite>
