<?xml version="1.0" encoding="UTF-8"?>
<testsuite name="com.cg.usercontrollortest.TestChangePassword" tests="2" skipped="0" failures="0" errors="0" timestamp="2022-05-11T14:42:40" hostname="INLEN8520066078" time="0.009">
  <properties/>
  <testcase name="User password change with invalid Id" classname="com.cg.usercontrollortest.TestChangePassword" time="0.004"/>
  <testcase name="Admin password change with valid Id" classname="com.cg.usercontrollortest.TestChangePassword" time="0.004"/>
  <system-out><![CDATA[2022-05-11 20:12:40.171  INFO 16204 --- [    Test worker] .b.t.c.SpringBootTestContextBootstrapper : Neither @ContextConfiguration nor @ContextHierarchy found for test class [com.cg.usercontrollortest.TestChangePassword], using SpringBootContextLoader
2022-05-11 20:12:40.171  INFO 16204 --- [    Test worker] o.s.t.c.support.AbstractContextLoader    : Could not detect default resource locations for test class [com.cg.usercontrollortest.TestChangePassword]: no resource found for suffixes {-context.xml, Context.groovy}.
2022-05-11 20:12:40.171  INFO 16204 --- [    Test worker] t.c.s.AnnotationConfigContextLoaderUtils : Could not detect default configuration classes for test class [com.cg.usercontrollortest.TestChangePassword]: TestChangePassword does not declare any static, non-private, non-final, nested classes annotated with @Configuration.
2022-05-11 20:12:40.171  INFO 16204 --- [    Test worker] .b.t.c.SpringBootTestContextBootstrapper : Found @SpringBootConfiguration com.cg.CreditCardPaymentProjectLatestApplication for test class com.cg.usercontrollortest.TestChangePassword
2022-05-11 20:12:40.171  INFO 16204 --- [    Test worker] .b.t.c.SpringBootTestContextBootstrapper : Loaded default TestExecutionListener class names from location [META-INF/spring.factories]: [org.springframework.boot.test.autoconfigure.restdocs.RestDocsTestExecutionListener, org.springframework.boot.test.autoconfigure.web.client.MockRestServiceServerResetTestExecutionListener, org.springframework.boot.test.autoconfigure.web.servlet.MockMvcPrintOnlyOnFailureTestExecutionListener, org.springframework.boot.test.autoconfigure.web.servlet.WebDriverTestExecutionListener, org.springframework.boot.test.autoconfigure.webservices.client.MockWebServiceServerTestExecutionListener, org.springframework.boot.test.mock.mockito.MockitoTestExecutionListener, org.springframework.boot.test.mock.mockito.ResetMocksTestExecutionListener, org.springframework.test.context.web.ServletTestExecutionListener, org.springframework.test.context.support.DirtiesContextBeforeModesTestExecutionListener, org.springframework.test.context.event.ApplicationEventsTestExecutionListener, org.springframework.test.context.support.DependencyInjectionTestExecutionListener, org.springframework.test.context.support.DirtiesContextTestExecutionListener, org.springframework.test.context.transaction.TransactionalTestExecutionListener, org.springframework.test.context.jdbc.SqlScriptsTestExecutionListener, org.springframework.test.context.event.EventPublishingTestExecutionListener]
2022-05-11 20:12:40.171  INFO 16204 --- [    Test worker] .b.t.c.SpringBootTestContextBootstrapper : Using TestExecutionListeners: [org.springframework.test.context.web.ServletTestExecutionListener@9863ed5, org.springframework.test.context.support.DirtiesContextBeforeModesTestExecutionListener@763ddfc3, org.springframework.test.context.event.ApplicationEventsTestExecutionListener@7010c9e4, org.springframework.boot.test.mock.mockito.MockitoTestExecutionListener@28befd62, org.springframework.boot.test.autoconfigure.SpringBootDependencyInjectionTestExecutionListener@10f60e36, org.springframework.test.context.support.DirtiesContextTestExecutionListener@8ad182c, org.springframework.test.context.transaction.TransactionalTestExecutionListener@7e84af34, org.springframework.test.context.jdbc.SqlScriptsTestExecutionListener@218e186b, org.springframework.test.context.event.EventPublishingTestExecutionListener@12925d2, org.springframework.boot.test.autoconfigure.restdocs.RestDocsTestExecutionListener@612531a3, org.springframework.boot.test.autoconfigure.web.client.MockRestServiceServerResetTestExecutionListener@3a83cfbc, org.springframework.boot.test.autoconfigure.web.servlet.MockMvcPrintOnlyOnFailureTestExecutionListener@6b9fc5c7, org.springframework.boot.test.autoconfigure.web.servlet.WebDriverTestExecutionListener@23d07ad3, org.springframework.boot.test.autoconfigure.webservices.client.MockWebServiceServerTestExecutionListener@6b30ff23, org.springframework.boot.test.mock.mockito.ResetMocksTestExecutionListener@4fea23d6]
]]></system-out>
  <system-err><![CDATA[]]></system-err>
</testsuite>
