<?xml version="1.0" encoding="UTF-8"?>
<testsuite name="com.cg.customercontrollertest.TestGetDueAmount" tests="2" skipped="0" failures="0" errors="0" timestamp="2022-05-11T14:42:40" hostname="INLEN8520066078" time="0.01">
  <properties/>
  <testcase name="Get Due Amount with valid data" classname="com.cg.customercontrollertest.TestGetDueAmount" time="0.003"/>
  <testcase name="Get Due Amount with invalid data" classname="com.cg.customercontrollertest.TestGetDueAmount" time="0.006"/>
  <system-out><![CDATA[2022-05-11 20:12:40.002  INFO 16204 --- [    Test worker] .b.t.c.SpringBootTestContextBootstrapper : Neither @ContextConfiguration nor @ContextHierarchy found for test class [com.cg.customercontrollertest.TestGetDueAmount], using SpringBootContextLoader
2022-05-11 20:12:40.002  INFO 16204 --- [    Test worker] o.s.t.c.support.AbstractContextLoader    : Could not detect default resource locations for test class [com.cg.customercontrollertest.TestGetDueAmount]: no resource found for suffixes {-context.xml, Context.groovy}.
2022-05-11 20:12:40.002  INFO 16204 --- [    Test worker] t.c.s.AnnotationConfigContextLoaderUtils : Could not detect default configuration classes for test class [com.cg.customercontrollertest.TestGetDueAmount]: TestGetDueAmount does not declare any static, non-private, non-final, nested classes annotated with @Configuration.
2022-05-11 20:12:40.006  INFO 16204 --- [    Test worker] .b.t.c.SpringBootTestContextBootstrapper : Found @SpringBootConfiguration com.cg.CreditCardPaymentProjectLatestApplication for test class com.cg.customercontrollertest.TestGetDueAmount
2022-05-11 20:12:40.008  INFO 16204 --- [    Test worker] .b.t.c.SpringBootTestContextBootstrapper : Loaded default TestExecutionListener class names from location [META-INF/spring.factories]: [org.springframework.boot.test.autoconfigure.restdocs.RestDocsTestExecutionListener, org.springframework.boot.test.autoconfigure.web.client.MockRestServiceServerResetTestExecutionListener, org.springframework.boot.test.autoconfigure.web.servlet.MockMvcPrintOnlyOnFailureTestExecutionListener, org.springframework.boot.test.autoconfigure.web.servlet.WebDriverTestExecutionListener, org.springframework.boot.test.autoconfigure.webservices.client.MockWebServiceServerTestExecutionListener, org.springframework.boot.test.mock.mockito.MockitoTestExecutionListener, org.springframework.boot.test.mock.mockito.ResetMocksTestExecutionListener, org.springframework.test.context.web.ServletTestExecutionListener, org.springframework.test.context.support.DirtiesContextBeforeModesTestExecutionListener, org.springframework.test.context.event.ApplicationEventsTestExecutionListener, org.springframework.test.context.support.DependencyInjectionTestExecutionListener, org.springframework.test.context.support.DirtiesContextTestExecutionListener, org.springframework.test.context.transaction.TransactionalTestExecutionListener, org.springframework.test.context.jdbc.SqlScriptsTestExecutionListener, org.springframework.test.context.event.EventPublishingTestExecutionListener]
2022-05-11 20:12:40.008  INFO 16204 --- [    Test worker] .b.t.c.SpringBootTestContextBootstrapper : Using TestExecutionListeners: [org.springframework.test.context.web.ServletTestExecutionListener@1e5e2e06, org.springframework.test.context.support.DirtiesContextBeforeModesTestExecutionListener@26c1f3eb, org.springframework.test.context.event.ApplicationEventsTestExecutionListener@79982bcc, org.springframework.boot.test.mock.mockito.MockitoTestExecutionListener@16b2d182, org.springframework.boot.test.autoconfigure.SpringBootDependencyInjectionTestExecutionListener@79f3f34c, org.springframework.test.context.support.DirtiesContextTestExecutionListener@50841932, org.springframework.test.context.transaction.TransactionalTestExecutionListener@68fa8ea5, org.springframework.test.context.jdbc.SqlScriptsTestExecutionListener@68c47cf9, org.springframework.test.context.event.EventPublishingTestExecutionListener@ecb8b3e, org.springframework.boot.test.autoconfigure.restdocs.RestDocsTestExecutionListener@7e764e5c, org.springframework.boot.test.autoconfigure.web.client.MockRestServiceServerResetTestExecutionListener@42457891, org.springframework.boot.test.autoconfigure.web.servlet.MockMvcPrintOnlyOnFailureTestExecutionListener@92de794, org.springframework.boot.test.autoconfigure.web.servlet.WebDriverTestExecutionListener@5bed0ff4, org.springframework.boot.test.autoconfigure.webservices.client.MockWebServiceServerTestExecutionListener@17a5ae7b, org.springframework.boot.test.mock.mockito.ResetMocksTestExecutionListener@7e4dddee]
]]></system-out>
  <system-err><![CDATA[]]></system-err>
</testsuite>
